<?xml version="1.0" encoding="UTF-8"?>
<!-- Generated by org.testng.reporters.JUnitReportReporter -->
<testsuite hostname="Nawaz" failures="0" tests="1" name="com.lauching.Sample" time="0.013" errors="0" timestamp="2023-07-15T15:34:55 IST" skipped="0">
  <testcase classname="com.lauching.Sample" name="test" time="0.013"/>
  <system-out/>
</testsuite> <!-- com.lauching.Sample -->
