<?xml version="1.0" encoding="UTF-8"?>
<!-- Generated by org.testng.reporters.JUnitReportReporter -->
<testsuite hostname="Nawaz" failures="0" tests="1" name="com.lauching.Login" time="12.407" errors="0" timestamp="2023-07-15T23:08:03 IST" skipped="0">
  <testcase classname="com.lauching.Login" name="amzon" time="12.407"/>
  <system-out/>
</testsuite> <!-- com.lauching.Login -->
